<?xml version="1.0" encoding="UTF-8"?>
<!-- Generated by org.testng.reporters.JUnitXMLReporter -->
<testsuite ignored="1" hostname="Arbazs-MBP.domain.name" failures="1" tests="3" name="EmployeeMgmt" time="72.127" errors="0" timestamp="2023-06-14T09:00:20 IST">
  <testcase classname="com.OrangeHRMAutomationTest.OrangeHRMLogin" name="addEmployee" time="19.904"/>
  <testcase classname="com.OrangeHRMAutomationTest.OrangeHRMLogin" name="updateEmployee" time="17.934">
    <failure type="java.lang.AssertionError" message="expected [ArnazUpJalse] but found [updatedactual]">
      <![CDATA[java.lang.AssertionError: expected [ArnazUpJalse] but found [updatedactual]
at com.OrangeHRMAutomationTest.OrangeHRMLogin.updateEmployee(OrangeHRMLogin.java:196)
at java.base/java.util.ArrayList.forEach(ArrayList.java:1511)
... Removed 33 stack frames]]>
    </failure>
  </testcase> <!-- updateEmployee -->
  <testcase classname="com.OrangeHRMAutomationTest.OrangeHRMLogin" name="deleteEmployee" time="10.947"/>
  <testcase classname="com.OrangeHRMAutomationTest.OrangeHRMLogin" name="login" time="0.0">
    <ignored/>
  </testcase> <!-- login -->
</testsuite> <!-- EmployeeMgmt -->
