<?xml version="1.0" encoding="UTF-8"?>
<testng-results ignored="12" total="16" passed="3" failed="1" skipped="0">
  <reporter-output>
  </reporter-output>
  <suite started-at="2023-06-14T11:10:16 IST" name="Suite" finished-at="2023-06-14T11:11:24 IST" duration-ms="68074">
    <groups>
    </groups>
    <test started-at="2023-06-14T11:10:16 IST" name="login" finished-at="2023-06-14T11:10:28 IST" duration-ms="12252">
      <class name="com.OrangeHRMAutomationTest.OrangeHRMEmpMgmt">
        <test-method is-config="true" signature="setUp(org.testng.ITestContext,java.lang.String)[pri:0, instance:com.OrangeHRMAutomationTest.OrangeHRMEmpMgmt@5b1669c0]" started-at="2023-06-14T11:10:16 IST" name="setUp" finished-at="2023-06-14T11:10:23 IST" duration-ms="6711" status="PASS">
          <params>
            <param index="0">
              <value>
                <![CDATA[org.testng.TestRunner@48bc2fce]]>
              </value>
            </param>
            <param index="1">
              <value>
                <![CDATA[Chrome]]>
              </value>
            </param>
          </params>
          <reporter-output>
          </reporter-output>
        </test-method> <!-- setUp -->
        <test-method signature="login()[pri:1, instance:com.OrangeHRMAutomationTest.OrangeHRMEmpMgmt@5b1669c0]" started-at="2023-06-14T11:10:23 IST" name="login" finished-at="2023-06-14T11:10:28 IST" duration-ms="5412" status="PASS">
          <reporter-output>
          </reporter-output>
        </test-method> <!-- login -->
        <test-method is-config="true" signature="tearDown(java.lang.reflect.Method,org.testng.ITestResult)[pri:0, instance:com.OrangeHRMAutomationTest.OrangeHRMEmpMgmt@5b1669c0]" started-at="2023-06-14T11:10:28 IST" name="tearDown" finished-at="2023-06-14T11:10:28 IST" duration-ms="112" status="PASS">
          <params>
            <param index="0">
              <value>
                <![CDATA[public void com.OrangeHRMAutomationTest.OrangeHRMEmpMgmt.login() throws java.lang.InterruptedException]]>
              </value>
            </param>
            <param index="1">
              <value>
                <![CDATA[[TestResult name=login status=SUCCESS method=OrangeHRMEmpMgmt.login()[pri:1, instance:com.OrangeHRMAutomationTest.OrangeHRMEmpMgmt@5b1669c0] output={null}]]]>
              </value>
            </param>
          </params>
          <reporter-output>
          </reporter-output>
        </test-method> <!-- tearDown -->
      </class> <!-- com.OrangeHRMAutomationTest.OrangeHRMEmpMgmt -->
    </test> <!-- login -->
    <test started-at="2023-06-14T11:10:28 IST" name="AddEmployee" finished-at="2023-06-14T11:10:57 IST" duration-ms="28607">
      <class name="com.OrangeHRMAutomationTest.OrangeHRMEmpMgmt">
        <test-method is-config="true" signature="setUp(org.testng.ITestContext,java.lang.String)[pri:0, instance:com.OrangeHRMAutomationTest.OrangeHRMEmpMgmt@72035809]" started-at="2023-06-14T11:10:28 IST" name="setUp" finished-at="2023-06-14T11:10:39 IST" duration-ms="10936" status="PASS">
          <params>
            <param index="0">
              <value>
                <![CDATA[org.testng.TestRunner@1eca3ea7]]>
              </value>
            </param>
            <param index="1">
              <value>
                <![CDATA[safari]]>
              </value>
            </param>
          </params>
          <reporter-output>
          </reporter-output>
        </test-method> <!-- setUp -->
        <test-method signature="addEmployee()[pri:2, instance:com.OrangeHRMAutomationTest.OrangeHRMEmpMgmt@72035809]" started-at="2023-06-14T11:10:39 IST" name="addEmployee" finished-at="2023-06-14T11:10:57 IST" duration-ms="17577" status="PASS">
          <reporter-output>
          </reporter-output>
        </test-method> <!-- addEmployee -->
        <test-method is-config="true" signature="tearDown(java.lang.reflect.Method,org.testng.ITestResult)[pri:0, instance:com.OrangeHRMAutomationTest.OrangeHRMEmpMgmt@72035809]" started-at="2023-06-14T11:10:57 IST" name="tearDown" finished-at="2023-06-14T11:10:57 IST" duration-ms="88" status="PASS">
          <params>
            <param index="0">
              <value>
                <![CDATA[public void com.OrangeHRMAutomationTest.OrangeHRMEmpMgmt.addEmployee() throws java.lang.InterruptedException]]>
              </value>
            </param>
            <param index="1">
              <value>
                <![CDATA[[TestResult name=addEmployee status=SUCCESS method=OrangeHRMEmpMgmt.addEmployee()[pri:2, instance:com.OrangeHRMAutomationTest.OrangeHRMEmpMgmt@72035809] output={null}]]]>
              </value>
            </param>
          </params>
          <reporter-output>
          </reporter-output>
        </test-method> <!-- tearDown -->
      </class> <!-- com.OrangeHRMAutomationTest.OrangeHRMEmpMgmt -->
    </test> <!-- AddEmployee -->
    <test started-at="2023-06-14T11:10:57 IST" name="UpdateEmployee" finished-at="2023-06-14T11:11:08 IST" duration-ms="11296">
      <class name="com.OrangeHRMAutomationTest.OrangeHRMEmpMgmt">
        <test-method is-config="true" signature="setUp(org.testng.ITestContext,java.lang.String)[pri:0, instance:com.OrangeHRMAutomationTest.OrangeHRMEmpMgmt@606e4010]" started-at="2023-06-14T11:10:57 IST" name="setUp" finished-at="2023-06-14T11:11:02 IST" duration-ms="5007" status="PASS">
          <params>
            <param index="0">
              <value>
                <![CDATA[org.testng.TestRunner@24fba488]]>
              </value>
            </param>
            <param index="1">
              <value>
                <![CDATA[safari]]>
              </value>
            </param>
          </params>
          <reporter-output>
          </reporter-output>
        </test-method> <!-- setUp -->
        <test-method signature="updateEmployee()[pri:3, instance:com.OrangeHRMAutomationTest.OrangeHRMEmpMgmt@606e4010]" started-at="2023-06-14T11:11:02 IST" name="updateEmployee" finished-at="2023-06-14T11:11:08 IST" duration-ms="6017" status="FAIL">
          <exception class="org.openqa.selenium.NoSuchFrameException">
            <message>
              <![CDATA[Build info: version: '4.10.0', revision: 'c14d967899'
System info: os.name: 'Mac OS X', os.arch: 'aarch64', os.version: '12.0', java.version: '17.0.1'
Driver info: org.openqa.selenium.safari.SafariDriver
Command: [F692C125-89F7-4E11-91F6-949575D3B9CE, findElement {using=xpath, value=//*[@id="app"]/div[1]/div[2]/div[2]/div/div[1]/div[2]/form/div[1]/div/div[1]/div/div[2]/div/div/input}]
Capabilities {acceptInsecureCerts: false, browserName: Safari, browserVersion: 15.0, platformName: mac, safari:automaticInspection: false, safari:automaticProfiling: false, safari:diagnose: false, safari:platformBuildVersion: 21A344, safari:platformVersion: 12.0, safari:useSimulator: false, setWindowRect: true, strictFileInteractability: false, webkit:WebRTC: {DisableICECandidateFiltering: false, DisableInsecureMediaCapture: false}}
Session ID: F692C125-89F7-4E11-91F6-949575D3B9CE]]>
            </message>
            <full-stacktrace>
              <![CDATA[org.openqa.selenium.NoSuchFrameException: Build info: version: '4.10.0', revision: 'c14d967899'
System info: os.name: 'Mac OS X', os.arch: 'aarch64', os.version: '12.0', java.version: '17.0.1'
Driver info: org.openqa.selenium.safari.SafariDriver
Command: [F692C125-89F7-4E11-91F6-949575D3B9CE, findElement {using=xpath, value=//*[@id="app"]/div[1]/div[2]/div[2]/div/div[1]/div[2]/form/div[1]/div/div[1]/div/div[2]/div/div/input}]
Capabilities {acceptInsecureCerts: false, browserName: Safari, browserVersion: 15.0, platformName: mac, safari:automaticInspection: false, safari:automaticProfiling: false, safari:diagnose: false, safari:platformBuildVersion: 21A344, safari:platformVersion: 12.0, safari:useSimulator: false, setWindowRect: true, strictFileInteractability: false, webkit:WebRTC: {DisableICECandidateFiltering: false, DisableInsecureMediaCapture: false}}
Session ID: F692C125-89F7-4E11-91F6-949575D3B9CE
at java.base/jdk.internal.reflect.NativeConstructorAccessorImpl.newInstance0(Native Method)
at java.base/jdk.internal.reflect.NativeConstructorAccessorImpl.newInstance(NativeConstructorAccessorImpl.java:77)
at java.base/jdk.internal.reflect.DelegatingConstructorAccessorImpl.newInstance(DelegatingConstructorAccessorImpl.java:45)
at java.base/java.lang.reflect.Constructor.newInstanceWithCaller(Constructor.java:499)
at java.base/java.lang.reflect.Constructor.newInstance(Constructor.java:480)
at org.openqa.selenium.remote.codec.w3c.W3CHttpResponseCodec.createException(W3CHttpResponseCodec.java:199)
at org.openqa.selenium.remote.codec.w3c.W3CHttpResponseCodec.decode(W3CHttpResponseCodec.java:132)
at org.openqa.selenium.remote.codec.w3c.W3CHttpResponseCodec.decode(W3CHttpResponseCodec.java:51)
at org.openqa.selenium.remote.HttpCommandExecutor.execute(HttpCommandExecutor.java:191)
at org.openqa.selenium.remote.service.DriverCommandExecutor.invokeExecute(DriverCommandExecutor.java:196)
at org.openqa.selenium.remote.service.DriverCommandExecutor.execute(DriverCommandExecutor.java:171)
at org.openqa.selenium.remote.RemoteWebDriver.execute(RemoteWebDriver.java:531)
at org.openqa.selenium.remote.ElementLocation$ElementFinder$2.findElement(ElementLocation.java:165)
at org.openqa.selenium.remote.ElementLocation.findElement(ElementLocation.java:59)
at org.openqa.selenium.remote.RemoteWebDriver.findElement(RemoteWebDriver.java:350)
at org.openqa.selenium.remote.RemoteWebDriver.findElement(RemoteWebDriver.java:344)
at com.OrangeHRMAutomationTest.OrangeHRMEmpMgmt.updateEmployee(OrangeHRMEmpMgmt.java:189)
at java.base/jdk.internal.reflect.NativeMethodAccessorImpl.invoke0(Native Method)
at java.base/jdk.internal.reflect.NativeMethodAccessorImpl.invoke(NativeMethodAccessorImpl.java:77)
at java.base/jdk.internal.reflect.DelegatingMethodAccessorImpl.invoke(DelegatingMethodAccessorImpl.java:43)
at java.base/java.lang.reflect.Method.invoke(Method.java:568)
at org.testng.internal.invokers.MethodInvocationHelper.invokeMethod(MethodInvocationHelper.java:139)
at org.testng.internal.invokers.TestInvoker.invokeMethod(TestInvoker.java:677)
at org.testng.internal.invokers.TestInvoker.invokeTestMethod(TestInvoker.java:221)
at org.testng.internal.invokers.MethodRunner.runInSequence(MethodRunner.java:50)
at org.testng.internal.invokers.TestInvoker$MethodInvocationAgent.invoke(TestInvoker.java:969)
at org.testng.internal.invokers.TestInvoker.invokeTestMethods(TestInvoker.java:194)
at org.testng.internal.invokers.TestMethodWorker.invokeTestMethods(TestMethodWorker.java:148)
at org.testng.internal.invokers.TestMethodWorker.run(TestMethodWorker.java:128)
at java.base/java.util.ArrayList.forEach(ArrayList.java:1511)
at org.testng.TestRunner.privateRun(TestRunner.java:829)
at org.testng.TestRunner.run(TestRunner.java:602)
at org.testng.SuiteRunner.runTest(SuiteRunner.java:437)
at org.testng.SuiteRunner.runSequentially(SuiteRunner.java:431)
at org.testng.SuiteRunner.privateRun(SuiteRunner.java:391)
at org.testng.SuiteRunner.run(SuiteRunner.java:330)
at org.testng.SuiteRunnerWorker.runSuite(SuiteRunnerWorker.java:52)
at org.testng.SuiteRunnerWorker.run(SuiteRunnerWorker.java:95)
at org.testng.TestNG.runSuitesSequentially(TestNG.java:1256)
at org.testng.TestNG.runSuitesLocally(TestNG.java:1176)
at org.testng.TestNG.runSuites(TestNG.java:1099)
at org.testng.TestNG.run(TestNG.java:1067)
at org.testng.remote.AbstractRemoteTestNG.run(AbstractRemoteTestNG.java:115)
at org.testng.remote.RemoteTestNG.initAndRun(RemoteTestNG.java:251)
at org.testng.remote.RemoteTestNG.main(RemoteTestNG.java:77)
]]>
            </full-stacktrace>
          </exception> <!-- org.openqa.selenium.NoSuchFrameException -->
          <reporter-output>
          </reporter-output>
        </test-method> <!-- updateEmployee -->
        <test-method is-config="true" signature="tearDown(java.lang.reflect.Method,org.testng.ITestResult)[pri:0, instance:com.OrangeHRMAutomationTest.OrangeHRMEmpMgmt@606e4010]" started-at="2023-06-14T11:11:08 IST" name="tearDown" finished-at="2023-06-14T11:11:08 IST" duration-ms="266" status="PASS">
          <params>
            <param index="0">
              <value>
                <![CDATA[public void com.OrangeHRMAutomationTest.OrangeHRMEmpMgmt.updateEmployee() throws java.lang.InterruptedException]]>
              </value>
            </param>
            <param index="1">
              <value>
                <![CDATA[[TestResult name=updateEmployee status=FAILURE method=OrangeHRMEmpMgmt.updateEmployee()[pri:3, instance:com.OrangeHRMAutomationTest.OrangeHRMEmpMgmt@606e4010] output={null}]]]>
              </value>
            </param>
          </params>
          <reporter-output>
          </reporter-output>
        </test-method> <!-- tearDown -->
      </class> <!-- com.OrangeHRMAutomationTest.OrangeHRMEmpMgmt -->
    </test> <!-- UpdateEmployee -->
    <test started-at="2023-06-14T11:11:08 IST" name="DeleteEmployee" finished-at="2023-06-14T11:11:24 IST" duration-ms="15882">
      <class name="com.OrangeHRMAutomationTest.OrangeHRMEmpMgmt">
        <test-method is-config="true" signature="initialiseExtentReports()[pri:0, instance:com.OrangeHRMAutomationTest.OrangeHRMEmpMgmt@5e2c3d18]" started-at="2023-06-14T11:10:16 IST" name="initialiseExtentReports" finished-at="2023-06-14T11:10:16 IST" duration-ms="129" status="PASS">
          <reporter-output>
          </reporter-output>
        </test-method> <!-- initialiseExtentReports -->
        <test-method is-config="true" signature="setUp(org.testng.ITestContext,java.lang.String)[pri:0, instance:com.OrangeHRMAutomationTest.OrangeHRMEmpMgmt@5e2c3d18]" started-at="2023-06-14T11:11:08 IST" name="setUp" finished-at="2023-06-14T11:11:13 IST" duration-ms="4891" status="PASS">
          <params>
            <param index="0">
              <value>
                <![CDATA[org.testng.TestRunner@73a6cc79]]>
              </value>
            </param>
            <param index="1">
              <value>
                <![CDATA[chrome]]>
              </value>
            </param>
          </params>
          <reporter-output>
          </reporter-output>
        </test-method> <!-- setUp -->
        <test-method signature="deleteEmployee()[pri:4, instance:com.OrangeHRMAutomationTest.OrangeHRMEmpMgmt@5e2c3d18]" started-at="2023-06-14T11:11:13 IST" name="deleteEmployee" finished-at="2023-06-14T11:11:24 IST" duration-ms="10862" status="PASS">
          <reporter-output>
          </reporter-output>
        </test-method> <!-- deleteEmployee -->
        <test-method is-config="true" signature="tearDown(java.lang.reflect.Method,org.testng.ITestResult)[pri:0, instance:com.OrangeHRMAutomationTest.OrangeHRMEmpMgmt@5e2c3d18]" started-at="2023-06-14T11:11:24 IST" name="tearDown" finished-at="2023-06-14T11:11:24 IST" duration-ms="127" status="PASS">
          <params>
            <param index="0">
              <value>
                <![CDATA[public void com.OrangeHRMAutomationTest.OrangeHRMEmpMgmt.deleteEmployee() throws java.lang.InterruptedException]]>
              </value>
            </param>
            <param index="1">
              <value>
                <![CDATA[[TestResult name=deleteEmployee status=SUCCESS method=OrangeHRMEmpMgmt.deleteEmployee()[pri:4, instance:com.OrangeHRMAutomationTest.OrangeHRMEmpMgmt@5e2c3d18] output={null}]]]>
              </value>
            </param>
          </params>
          <reporter-output>
          </reporter-output>
        </test-method> <!-- tearDown -->
        <test-method is-config="true" signature="generateExtentReports()[pri:0, instance:com.OrangeHRMAutomationTest.OrangeHRMEmpMgmt@5e2c3d18]" started-at="2023-06-14T11:11:24 IST" name="generateExtentReports" finished-at="2023-06-14T11:11:25 IST" duration-ms="364" status="PASS">
          <reporter-output>
          </reporter-output>
        </test-method> <!-- generateExtentReports -->
      </class> <!-- com.OrangeHRMAutomationTest.OrangeHRMEmpMgmt -->
    </test> <!-- DeleteEmployee -->
  </suite> <!-- Suite -->
</testng-results>
